<?xml version="1.0" encoding="UTF-8"?>
<testng-results ignored="0" total="7" passed="7" failed="0" skipped="0">
  <reporter-output>
  </reporter-output>
  <suite started-at="2024-05-31T14:28:40 IST" name="InetBankingV2" finished-at="2024-05-31T14:30:42 IST" duration-ms="121718">
    <groups>
    </groups>
    <test started-at="2024-05-31T14:28:40 IST" name="BankingApp Test" finished-at="2024-05-31T14:30:42 IST" duration-ms="121718">
      <class name="com.inetBanking.testCases.TC_AddCustomerTest_003">
        <test-method is-config="true" signature="setup(java.lang.String)[pri:0, instance:com.inetBanking.testCases.TC_AddCustomerTest_003@fb9c7aa]" started-at="2024-05-31T14:30:03 IST" name="setup" finished-at="2024-05-31T14:30:17 IST" duration-ms="14025" status="PASS">
          <params>
            <param index="0">
              <value>
                <![CDATA[chrome]]>
              </value>
            </param>
          </params>
          <reporter-output>
          </reporter-output>
        </test-method> <!-- setup -->
        <test-method signature="addNewCustomer()[pri:0, instance:com.inetBanking.testCases.TC_AddCustomerTest_003@fb9c7aa]" started-at="2024-05-31T14:30:17 IST" name="addNewCustomer" finished-at="2024-05-31T14:30:41 IST" duration-ms="24219" status="PASS">
          <reporter-output>
          </reporter-output>
        </test-method> <!-- addNewCustomer -->
        <test-method is-config="true" signature="tearDown()[pri:0, instance:com.inetBanking.testCases.TC_AddCustomerTest_003@fb9c7aa]" started-at="2024-05-31T14:30:41 IST" name="tearDown" finished-at="2024-05-31T14:30:42 IST" duration-ms="879" status="PASS">
          <reporter-output>
          </reporter-output>
        </test-method> <!-- tearDown -->
      </class> <!-- com.inetBanking.testCases.TC_AddCustomerTest_003 -->
      <class name="com.inetBanking.testCases.TC_LoginTest_001">
        <test-method is-config="true" signature="setup(java.lang.String)[pri:0, instance:com.inetBanking.testCases.TC_LoginTest_001@3f792b9b]" started-at="2024-05-31T14:28:41 IST" name="setup" finished-at="2024-05-31T14:29:00 IST" duration-ms="19055" status="PASS">
          <params>
            <param index="0">
              <value>
                <![CDATA[chrome]]>
              </value>
            </param>
          </params>
          <reporter-output>
          </reporter-output>
        </test-method> <!-- setup -->
        <test-method signature="loginTest()[pri:0, instance:com.inetBanking.testCases.TC_LoginTest_001@3f792b9b]" started-at="2024-05-31T14:29:00 IST" name="loginTest" finished-at="2024-05-31T14:29:03 IST" duration-ms="2885" status="PASS">
          <reporter-output>
          </reporter-output>
        </test-method> <!-- loginTest -->
        <test-method is-config="true" signature="tearDown()[pri:0, instance:com.inetBanking.testCases.TC_LoginTest_001@3f792b9b]" started-at="2024-05-31T14:29:03 IST" name="tearDown" finished-at="2024-05-31T14:29:04 IST" duration-ms="925" status="PASS">
          <reporter-output>
          </reporter-output>
        </test-method> <!-- tearDown -->
      </class> <!-- com.inetBanking.testCases.TC_LoginTest_001 -->
      <class name="com.inetBanking.testCases.TC_LoginDDT_002">
        <test-method is-config="true" signature="setup(java.lang.String)[pri:0, instance:com.inetBanking.testCases.TC_LoginDDT_002@72758afa]" started-at="2024-05-31T14:29:04 IST" name="setup" finished-at="2024-05-31T14:29:19 IST" duration-ms="15259" status="PASS">
          <params>
            <param index="0">
              <value>
                <![CDATA[chrome]]>
              </value>
            </param>
          </params>
          <reporter-output>
          </reporter-output>
        </test-method> <!-- setup -->
        <test-method signature="loginDDT(java.lang.String,java.lang.String)[pri:0, instance:com.inetBanking.testCases.TC_LoginDDT_002@72758afa]" started-at="2024-05-31T14:29:23 IST" name="loginDDT" data-provider="LoginData" finished-at="2024-05-31T14:29:31 IST" duration-ms="7884" status="PASS">
          <params>
            <param index="0">
              <value>
                <![CDATA[jukoihk]]>
              </value>
            </param>
            <param index="1">
              <value>
                <![CDATA[Ajdifds]]>
              </value>
            </param>
          </params>
          <reporter-output>
          </reporter-output>
        </test-method> <!-- loginDDT -->
        <test-method signature="loginDDT(java.lang.String,java.lang.String)[pri:0, instance:com.inetBanking.testCases.TC_LoginDDT_002@72758afa]" started-at="2024-05-31T14:29:31 IST" name="loginDDT" data-provider="LoginData" finished-at="2024-05-31T14:29:38 IST" duration-ms="7500" status="PASS">
          <params>
            <param index="0">
              <value>
                <![CDATA[mssdfjsa]]>
              </value>
            </param>
            <param index="1">
              <value>
                <![CDATA[msdffsds]]>
              </value>
            </param>
          </params>
          <reporter-output>
          </reporter-output>
        </test-method> <!-- loginDDT -->
        <test-method signature="loginDDT(java.lang.String,java.lang.String)[pri:0, instance:com.inetBanking.testCases.TC_LoginDDT_002@72758afa]" started-at="2024-05-31T14:29:38 IST" name="loginDDT" data-provider="LoginData" finished-at="2024-05-31T14:29:48 IST" duration-ms="10125" status="PASS">
          <params>
            <param index="0">
              <value>
                <![CDATA[mngr573675]]>
              </value>
            </param>
            <param index="1">
              <value>
                <![CDATA[ArymEru]]>
              </value>
            </param>
          </params>
          <reporter-output>
          </reporter-output>
        </test-method> <!-- loginDDT -->
        <test-method signature="loginDDT(java.lang.String,java.lang.String)[pri:0, instance:com.inetBanking.testCases.TC_LoginDDT_002@72758afa]" started-at="2024-05-31T14:29:48 IST" name="loginDDT" data-provider="LoginData" finished-at="2024-05-31T14:29:55 IST" duration-ms="6627" status="PASS">
          <params>
            <param index="0">
              <value>
                <![CDATA[jukoihk]]>
              </value>
            </param>
            <param index="1">
              <value>
                <![CDATA[Ajdifds]]>
              </value>
            </param>
          </params>
          <reporter-output>
          </reporter-output>
        </test-method> <!-- loginDDT -->
        <test-method signature="loginDDT(java.lang.String,java.lang.String)[pri:0, instance:com.inetBanking.testCases.TC_LoginDDT_002@72758afa]" started-at="2024-05-31T14:29:55 IST" name="loginDDT" data-provider="LoginData" finished-at="2024-05-31T14:30:02 IST" duration-ms="6629" status="PASS">
          <params>
            <param index="0">
              <value>
                <![CDATA[sdwegs]]>
              </value>
            </param>
            <param index="1">
              <value>
                <![CDATA[sdfa]]>
              </value>
            </param>
          </params>
          <reporter-output>
          </reporter-output>
        </test-method> <!-- loginDDT -->
        <test-method is-config="true" signature="tearDown()[pri:0, instance:com.inetBanking.testCases.TC_LoginDDT_002@72758afa]" started-at="2024-05-31T14:30:02 IST" name="tearDown" finished-at="2024-05-31T14:30:03 IST" duration-ms="1192" status="PASS">
          <reporter-output>
          </reporter-output>
        </test-method> <!-- tearDown -->
      </class> <!-- com.inetBanking.testCases.TC_LoginDDT_002 -->
    </test> <!-- BankingApp Test -->
  </suite> <!-- InetBankingV2 -->
</testng-results>
