<?xml version="1.0" encoding="UTF-8"?>
<testng-results ignored="0" total="1" passed="1" failed="0" skipped="0">
  <reporter-output>
  </reporter-output>
  <suite started-at="2024-06-02T20:08:41 IST" name="InetBankingV2" finished-at="2024-06-02T20:09:57 IST" duration-ms="75467">
    <groups>
    </groups>
    <test started-at="2024-06-02T20:08:41 IST" name="BankingApp Test" finished-at="2024-06-02T20:09:57 IST" duration-ms="75467">
      <class name="com.inetBanking.testCases.TC_AddCustomerTest_003">
        <test-method is-config="true" signature="setup(java.lang.String)[pri:0, instance:com.inetBanking.testCases.TC_AddCustomerTest_003@5bc9ba1d]" started-at="2024-06-02T20:08:41 IST" name="setup" finished-at="2024-06-02T20:09:07 IST" duration-ms="25365" status="PASS">
          <params>
            <param index="0">
              <value>
                <![CDATA[chrome]]>
              </value>
            </param>
          </params>
          <reporter-output>
          </reporter-output>
        </test-method> <!-- setup -->
        <test-method signature="addNewCustomer()[pri:0, instance:com.inetBanking.testCases.TC_AddCustomerTest_003@5bc9ba1d]" started-at="2024-06-02T20:09:07 IST" name="addNewCustomer" finished-at="2024-06-02T20:09:56 IST" duration-ms="48811" status="PASS">
          <reporter-output>
          </reporter-output>
        </test-method> <!-- addNewCustomer -->
        <test-method is-config="true" signature="tearDown()[pri:0, instance:com.inetBanking.testCases.TC_AddCustomerTest_003@5bc9ba1d]" started-at="2024-06-02T20:09:56 IST" name="tearDown" finished-at="2024-06-02T20:09:57 IST" duration-ms="898" status="PASS">
          <reporter-output>
          </reporter-output>
        </test-method> <!-- tearDown -->
      </class> <!-- com.inetBanking.testCases.TC_AddCustomerTest_003 -->
    </test> <!-- BankingApp Test -->
  </suite> <!-- InetBankingV2 -->
</testng-results>
